0 info it worked if it ends with ok
1 verbose cli [ '/usr/local/bin/node',
1 verbose cli   '/usr/local/bin/npm',
1 verbose cli   'install',
1 verbose cli   'nowjs' ]
2 info using npm@1.4.3
3 info using node@v0.10.26
4 warn package.json Nodeslide@0.0.1 No repository field.
5 verbose readDependencies using package.json deps
6 verbose cache add [ 'nowjs', null ]
7 verbose cache add name=undefined spec="nowjs" args=["nowjs",null]
8 verbose parsed url { protocol: null,
8 verbose parsed url   slashes: null,
8 verbose parsed url   auth: null,
8 verbose parsed url   host: null,
8 verbose parsed url   port: null,
8 verbose parsed url   hostname: null,
8 verbose parsed url   hash: null,
8 verbose parsed url   search: null,
8 verbose parsed url   query: null,
8 verbose parsed url   pathname: 'nowjs',
8 verbose parsed url   path: 'nowjs',
8 verbose parsed url   href: 'nowjs' }
9 silly lockFile f1a0e2b9-nowjs nowjs
10 verbose lock nowjs /home/table/.npm/f1a0e2b9-nowjs.lock
11 silly lockFile f1a0e2b9-nowjs nowjs
12 silly lockFile f1a0e2b9-nowjs nowjs
13 verbose addNamed [ 'nowjs', '' ]
14 verbose addNamed [ null, '*' ]
15 silly lockFile 9aa5ac5b-nowjs nowjs@
16 verbose lock nowjs@ /home/table/.npm/9aa5ac5b-nowjs.lock
17 silly addNameRange { name: 'nowjs', range: '*', hasData: false }
18 verbose url raw nowjs
19 verbose url resolving [ 'https://registry.npmjs.org/', './nowjs' ]
20 verbose url resolved https://registry.npmjs.org/nowjs
21 info trying registry request attempt 1 at 11:29:57
22 http GET https://registry.npmjs.org/nowjs
23 http 404 https://registry.npmjs.org/nowjs
24 silly registry.get cb [ 404,
24 silly registry.get   { date: 'Tue, 03 Mar 2015 10:29:58 GMT',
24 silly registry.get     server: 'CouchDB/1.5.0 (Erlang OTP/R16B03)',
24 silly registry.get     'content-type': 'application/json',
24 silly registry.get     'cache-control': 'max-age=0',
24 silly registry.get     'content-length': '52',
24 silly registry.get     'accept-ranges': 'bytes',
24 silly registry.get     via: '1.1 varnish',
24 silly registry.get     age: '0',
24 silly registry.get     'x-served-by': 'cache-fra1248-FRA',
24 silly registry.get     'x-cache': 'MISS',
24 silly registry.get     'x-cache-hits': '0',
24 silly registry.get     'x-timer': 'S1425378597.611637,VS0,VE705',
24 silly registry.get     'keep-alive': 'timeout=10, max=50',
24 silly registry.get     connection: 'Keep-Alive' } ]
25 silly lockFile 9aa5ac5b-nowjs nowjs@
26 silly lockFile 9aa5ac5b-nowjs nowjs@
27 error 404 'nowjs' is not in the npm registry.
27 error 404 You should bug the author to publish it
27 error 404 It was specified as a dependency of 'Nodeslide'
27 error 404
27 error 404 Note that you can also install from a
27 error 404 tarball, folder, or http url, or git url.
28 error System Linux 3.16.0-30-generic
29 error command "/usr/local/bin/node" "/usr/local/bin/npm" "install" "nowjs"
30 error cwd /home/table/Documents/SmartClassroom-TiledDisplayPart
31 error node -v v0.10.26
32 error npm -v 1.4.3
33 error code E404
34 verbose exit [ 1, true ]
